{"message": "Initializing AI/ML Service for Community Energy Sharing Platform v1.0.0", "timestamp": "2026-01-17T16:24:09.710712", "service": "solar-ml-service", "version": "1.0.0", "environment": "development", "level": "INFO", "logger": "src"}
{"message": "Initializing AI/ML Service for Community Energy Sharing Platform v1.0.0", "timestamp": "2026-01-17T16:28:35.253442", "service": "solar-ml-service", "version": "1.0.0", "environment": "development", "level": "INFO", "logger": "src"}
{"message": "Initializing AI/ML Service for Community Energy Sharing Platform v1.0.0", "timestamp": "2026-01-17T16:28:37.859273", "service": "solar-ml-service", "version": "1.0.0", "environment": "development", "level": "INFO", "logger": "src"}
{"message": "Initializing AI/ML Service for Community Energy Sharing Platform v1.0.0", "timestamp": "2026-01-17T16:28:37.859707", "service": "solar-ml-service", "version": "1.0.0", "environment": "development", "level": "INFO", "logger": "src"}
{"message": "Initializing AI/ML Service for Community Energy Sharing Platform v1.0.0", "timestamp": "2026-01-17T16:28:37.874112", "service": "solar-ml-service", "version": "1.0.0", "environment": "development", "level": "INFO", "logger": "src"}
{"message": "Initializing AI/ML Service for Community Energy Sharing Platform v1.0.0", "timestamp": "2026-01-17T16:28:37.886591", "service": "solar-ml-service", "version": "1.0.0", "environment": "development", "level": "INFO", "logger": "src"}
{"message": "Starting solar-ml-service v1.0.0", "timestamp": "2026-01-17T16:28:40.138722", "service": "solar-ml-service", "version": "1.0.0", "environment": "development", "level": "INFO", "logger": "src.api.main"}
{"message": "Environment: development", "timestamp": "2026-01-17T16:28:40.138851", "service": "solar-ml-service", "version": "1.0.0", "environment": "development", "level": "INFO", "logger": "src.api.main"}
{"message": "Server: 0.0.0.0:8001", "timestamp": "2026-01-17T16:28:40.138957", "service": "solar-ml-service", "version": "1.0.0", "environment": "development", "level": "INFO", "logger": "src.api.main"}
{"message": "Starting solar-ml-service v1.0.0", "timestamp": "2026-01-17T16:28:40.146648", "service": "solar-ml-service", "version": "1.0.0", "environment": "development", "level": "INFO", "logger": "src.api.main"}
{"message": "Environment: development", "timestamp": "2026-01-17T16:28:40.146787", "service": "solar-ml-service", "version": "1.0.0", "environment": "development", "level": "INFO", "logger": "src.api.main"}
{"message": "Server: 0.0.0.0:8001", "timestamp": "2026-01-17T16:28:40.146899", "service": "solar-ml-service", "version": "1.0.0", "environment": "development", "level": "INFO", "logger": "src.api.main"}
{"message": "Starting solar-ml-service v1.0.0", "timestamp": "2026-01-17T16:28:40.152403", "service": "solar-ml-service", "version": "1.0.0", "environment": "development", "level": "INFO", "logger": "src.api.main"}
{"message": "Environment: development", "timestamp": "2026-01-17T16:28:40.152587", "service": "solar-ml-service", "version": "1.0.0", "environment": "development", "level": "INFO", "logger": "src.api.main"}
{"message": "Server: 0.0.0.0:8001", "timestamp": "2026-01-17T16:28:40.152741", "service": "solar-ml-service", "version": "1.0.0", "environment": "development", "level": "INFO", "logger": "src.api.main"}
{"message": "Starting solar-ml-service v1.0.0", "timestamp": "2026-01-17T16:28:40.153777", "service": "solar-ml-service", "version": "1.0.0", "environment": "development", "level": "INFO", "logger": "src.api.main"}
{"message": "Environment: development", "timestamp": "2026-01-17T16:28:40.153953", "service": "solar-ml-service", "version": "1.0.0", "environment": "development", "level": "INFO", "logger": "src.api.main"}
{"message": "Server: 0.0.0.0:8001", "timestamp": "2026-01-17T16:28:40.154119", "service": "solar-ml-service", "version": "1.0.0", "environment": "development", "level": "INFO", "logger": "src.api.main"}
{"message": "Shutting down solar-ml-service", "timestamp": "2026-01-17T16:40:20.213793", "service": "solar-ml-service", "version": "1.0.0", "environment": "development", "level": "INFO", "logger": "src.api.main"}
{"message": "Shutting down solar-ml-service", "timestamp": "2026-01-17T16:40:20.213798", "service": "solar-ml-service", "version": "1.0.0", "environment": "development", "level": "INFO", "logger": "src.api.main"}
{"message": "Shutting down solar-ml-service", "timestamp": "2026-01-17T16:40:20.213978", "service": "solar-ml-service", "version": "1.0.0", "environment": "development", "level": "INFO", "logger": "src.api.main"}
{"message": "Shutting down solar-ml-service", "timestamp": "2026-01-17T16:40:20.214212", "service": "solar-ml-service", "version": "1.0.0", "environment": "development", "level": "INFO", "logger": "src.api.main"}
{"message": "Initializing AI/ML Service for Community Energy Sharing Platform v1.0.0", "timestamp": "2026-01-18T07:01:08.584926", "service": "solar-ml-service", "version": "1.0.0", "environment": "development", "level": "INFO", "logger": "src"}
{"message": "Initializing AI/ML Service for Community Energy Sharing Platform v1.0.0", "timestamp": "2026-01-18T07:01:15.101156", "service": "solar-ml-service", "version": "1.0.0", "environment": "development", "level": "INFO", "logger": "src"}
{"message": "Initializing AI/ML Service for Community Energy Sharing Platform v1.0.0", "timestamp": "2026-01-18T07:01:15.107530", "service": "solar-ml-service", "version": "1.0.0", "environment": "development", "level": "INFO", "logger": "src"}
{"message": "Initializing AI/ML Service for Community Energy Sharing Platform v1.0.0", "timestamp": "2026-01-18T07:01:15.114718", "service": "solar-ml-service", "version": "1.0.0", "environment": "development", "level": "INFO", "logger": "src"}
{"message": "Initializing AI/ML Service for Community Energy Sharing Platform v1.0.0", "timestamp": "2026-01-18T07:01:15.160165", "service": "solar-ml-service", "version": "1.0.0", "environment": "development", "level": "INFO", "logger": "src"}
{"message": "Starting solar-ml-service v1.0.0", "timestamp": "2026-01-18T07:01:18.207752", "service": "solar-ml-service", "version": "1.0.0", "environment": "development", "level": "INFO", "logger": "src.api.main"}
{"message": "Starting solar-ml-service v1.0.0", "timestamp": "2026-01-18T07:01:18.207861", "service": "solar-ml-service", "version": "1.0.0", "environment": "development", "level": "INFO", "logger": "src.api.main"}
{"message": "Environment: development", "timestamp": "2026-01-18T07:01:18.208047", "service": "solar-ml-service", "version": "1.0.0", "environment": "development", "level": "INFO", "logger": "src.api.main"}
{"message": "Server: 0.0.0.0:8001", "timestamp": "2026-01-18T07:01:18.208200", "service": "solar-ml-service", "version": "1.0.0", "environment": "development", "level": "INFO", "logger": "src.api.main"}
{"message": "Initializing ModelManager", "timestamp": "2026-01-18T07:01:18.208341", "service": "solar-ml-service", "version": "1.0.0", "environment": "development", "level": "INFO", "logger": "src.api.main"}
{"message": "DataPreprocessingPipeline initialized", "timestamp": "2026-01-18T07:01:18.208483", "service": "solar-ml-service", "version": "1.0.0", "environment": "development", "level": "INFO", "logger": "src.preprocessing.pipeline"}
{"message": "Environment: development", "timestamp": "2026-01-18T07:01:18.208483", "service": "solar-ml-service", "version": "1.0.0", "environment": "development", "level": "INFO", "logger": "src.api.main"}
{"message": "Server: 0.0.0.0:8001", "timestamp": "2026-01-18T07:01:18.208625", "service": "solar-ml-service", "version": "1.0.0", "environment": "development", "level": "INFO", "logger": "src.api.main"}
{"message": "Initializing SolarLSTMModel: input_size=15, lstm_units=128", "timestamp": "2026-01-18T07:01:18.208629", "service": "solar-ml-service", "version": "1.0.0", "environment": "development", "level": "INFO", "logger": "src.models.solar_forecast"}
{"message": "Initializing ModelManager", "timestamp": "2026-01-18T07:01:18.208775", "service": "solar-ml-service", "version": "1.0.0", "environment": "development", "level": "INFO", "logger": "src.api.main"}
{"message": "DataPreprocessingPipeline initialized", "timestamp": "2026-01-18T07:01:18.209094", "service": "solar-ml-service", "version": "1.0.0", "environment": "development", "level": "INFO", "logger": "src.preprocessing.pipeline"}
{"message": "Initializing SolarLSTMModel: input_size=15, lstm_units=128", "timestamp": "2026-01-18T07:01:18.209415", "service": "solar-ml-service", "version": "1.0.0", "environment": "development", "level": "INFO", "logger": "src.models.solar_forecast"}
{"message": "Starting solar-ml-service v1.0.0", "timestamp": "2026-01-18T07:01:18.224983", "service": "solar-ml-service", "version": "1.0.0", "environment": "development", "level": "INFO", "logger": "src.api.main"}
{"message": "Environment: development", "timestamp": "2026-01-18T07:01:18.225128", "service": "solar-ml-service", "version": "1.0.0", "environment": "development", "level": "INFO", "logger": "src.api.main"}
{"message": "Server: 0.0.0.0:8001", "timestamp": "2026-01-18T07:01:18.225250", "service": "solar-ml-service", "version": "1.0.0", "environment": "development", "level": "INFO", "logger": "src.api.main"}
{"message": "Initializing ModelManager", "timestamp": "2026-01-18T07:01:18.225429", "service": "solar-ml-service", "version": "1.0.0", "environment": "development", "level": "INFO", "logger": "src.api.main"}
{"message": "DataPreprocessingPipeline initialized", "timestamp": "2026-01-18T07:01:18.225570", "service": "solar-ml-service", "version": "1.0.0", "environment": "development", "level": "INFO", "logger": "src.preprocessing.pipeline"}
{"message": "Initializing SolarLSTMModel: input_size=15, lstm_units=128", "timestamp": "2026-01-18T07:01:18.225728", "service": "solar-ml-service", "version": "1.0.0", "environment": "development", "level": "INFO", "logger": "src.models.solar_forecast"}
{"message": "Starting solar-ml-service v1.0.0", "timestamp": "2026-01-18T07:01:18.248735", "service": "solar-ml-service", "version": "1.0.0", "environment": "development", "level": "INFO", "logger": "src.api.main"}
{"message": "Environment: development", "timestamp": "2026-01-18T07:01:18.248919", "service": "solar-ml-service", "version": "1.0.0", "environment": "development", "level": "INFO", "logger": "src.api.main"}
{"message": "Server: 0.0.0.0:8001", "timestamp": "2026-01-18T07:01:18.249067", "service": "solar-ml-service", "version": "1.0.0", "environment": "development", "level": "INFO", "logger": "src.api.main"}
{"message": "Initializing ModelManager", "timestamp": "2026-01-18T07:01:18.249228", "service": "solar-ml-service", "version": "1.0.0", "environment": "development", "level": "INFO", "logger": "src.api.main"}
{"message": "DataPreprocessingPipeline initialized", "timestamp": "2026-01-18T07:01:18.249394", "service": "solar-ml-service", "version": "1.0.0", "environment": "development", "level": "INFO", "logger": "src.preprocessing.pipeline"}
{"message": "Initializing SolarLSTMModel: input_size=15, lstm_units=128", "timestamp": "2026-01-18T07:01:18.249560", "service": "solar-ml-service", "version": "1.0.0", "environment": "development", "level": "INFO", "logger": "src.models.solar_forecast"}
{"message": "Initializing SolarXGBoostModel with 500 estimators", "timestamp": "2026-01-18T07:01:18.256863", "service": "solar-ml-service", "version": "1.0.0", "environment": "development", "level": "INFO", "logger": "src.models.solar_forecast"}
{"message": "Initializing Solar Forecasting Ensemble: LSTM=0.6, XGBoost=0.4", "timestamp": "2026-01-18T07:01:18.257061", "service": "solar-ml-service", "version": "1.0.0", "environment": "development", "level": "INFO", "logger": "src.models.solar_forecast"}
{"message": "Initializing DemandLSTMModel: input_size=12", "timestamp": "2026-01-18T07:01:18.257214", "service": "solar-ml-service", "version": "1.0.0", "environment": "development", "level": "INFO", "logger": "src.models.demand_forecast"}
{"message": "Initializing DemandXGBoostModel with 300 estimators", "timestamp": "2026-01-18T07:01:18.257362", "service": "solar-ml-service", "version": "1.0.0", "environment": "development", "level": "INFO", "logger": "src.models.demand_forecast"}
{"message": "Initializing Demand Forecasting Ensemble: XGBoost=0.6, LSTM=0.4", "timestamp": "2026-01-18T07:01:18.257514", "service": "solar-ml-service", "version": "1.0.0", "environment": "development", "level": "INFO", "logger": "src.models.demand_forecast"}
{"message": "Initializing DynamicPricingModel", "timestamp": "2026-01-18T07:01:18.257667", "service": "solar-ml-service", "version": "1.0.0", "environment": "development", "level": "INFO", "logger": "src.models.advanced_models"}
{"message": "Initializing InvestorRiskScoringModel", "timestamp": "2026-01-18T07:01:18.257799", "service": "solar-ml-service", "version": "1.0.0", "environment": "development", "level": "INFO", "logger": "src.models.advanced_models"}
{"message": "Initializing AnomalyDetectionModel", "timestamp": "2026-01-18T07:01:18.257941", "service": "solar-ml-service", "version": "1.0.0", "environment": "development", "level": "INFO", "logger": "src.models.advanced_models"}
{"message": "Initializing EquipmentFailurePredictorModel", "timestamp": "2026-01-18T07:01:18.258084", "service": "solar-ml-service", "version": "1.0.0", "environment": "development", "level": "INFO", "logger": "src.models.advanced_models"}
{"message": "MarketplaceMatchingService initialized", "timestamp": "2026-01-18T07:01:18.258231", "service": "solar-ml-service", "version": "1.0.0", "environment": "development", "level": "INFO", "logger": "src.services.matching_service"}
{"message": "Training pipeline initialized. Models dir: ./models", "timestamp": "2026-01-18T07:01:18.258498", "service": "solar-ml-service", "version": "1.0.0", "environment": "development", "level": "INFO", "logger": "src.services.training_pipeline"}
{"message": "ModelManager initialized successfully", "timestamp": "2026-01-18T07:01:18.258636", "service": "solar-ml-service", "version": "1.0.0", "environment": "development", "level": "INFO", "logger": "src.api.main"}
{"message": "Loading pretrained models from disk...", "timestamp": "2026-01-18T07:01:18.258780", "service": "solar-ml-service", "version": "1.0.0", "environment": "development", "level": "INFO", "logger": "src.api.main"}
{"message": "\u2139\ufe0f  solar_xgboost model not found at models/solar_xgboost_model.pkl", "timestamp": "2026-01-18T07:01:18.259051", "service": "solar-ml-service", "version": "1.0.0", "environment": "development", "level": "INFO", "logger": "src.api.main"}
{"message": "\u2139\ufe0f  demand_xgboost model not found at models/demand_xgboost_model.pkl", "timestamp": "2026-01-18T07:01:18.259222", "service": "solar-ml-service", "version": "1.0.0", "environment": "development", "level": "INFO", "logger": "src.api.main"}
{"message": "\u2139\ufe0f  solar_lstm model not found at models/solar_lstm_model.h5", "timestamp": "2026-01-18T07:01:18.259384", "service": "solar-ml-service", "version": "1.0.0", "environment": "development", "level": "INFO", "logger": "src.api.main"}
{"message": "\u2139\ufe0f  demand_lstm model not found at models/demand_lstm_model.h5", "timestamp": "2026-01-18T07:01:18.259540", "service": "solar-ml-service", "version": "1.0.0", "environment": "development", "level": "INFO", "logger": "src.api.main"}
{"message": "Model loading complete: 0 models loaded", "timestamp": "2026-01-18T07:01:18.259677", "service": "solar-ml-service", "version": "1.0.0", "environment": "development", "level": "INFO", "logger": "src.api.main"}
{"message": "Models status: {'solar_lstm': False, 'solar_xgboost': False, 'demand_lstm': False, 'demand_xgboost': False, 'pricing': False, 'risk_scoring': False, 'anomaly_detection': False, 'failure_prediction': False}", "timestamp": "2026-01-18T07:01:18.259813", "service": "solar-ml-service", "version": "1.0.0", "environment": "development", "level": "INFO", "logger": "src.api.main"}
{"message": "Ready for inference: 0/8 models available", "timestamp": "2026-01-18T07:01:18.259960", "service": "solar-ml-service", "version": "1.0.0", "environment": "development", "level": "INFO", "logger": "src.api.main"}
{"message": "Initializing SolarXGBoostModel with 500 estimators", "timestamp": "2026-01-18T07:01:18.263536", "service": "solar-ml-service", "version": "1.0.0", "environment": "development", "level": "INFO", "logger": "src.models.solar_forecast"}
{"message": "Initializing Solar Forecasting Ensemble: LSTM=0.6, XGBoost=0.4", "timestamp": "2026-01-18T07:01:18.263700", "service": "solar-ml-service", "version": "1.0.0", "environment": "development", "level": "INFO", "logger": "src.models.solar_forecast"}
{"message": "Initializing DemandLSTMModel: input_size=12", "timestamp": "2026-01-18T07:01:18.263837", "service": "solar-ml-service", "version": "1.0.0", "environment": "development", "level": "INFO", "logger": "src.models.demand_forecast"}
{"message": "Initializing SolarXGBoostModel with 500 estimators", "timestamp": "2026-01-18T07:01:18.263937", "service": "solar-ml-service", "version": "1.0.0", "environment": "development", "level": "INFO", "logger": "src.models.solar_forecast"}
{"message": "Initializing DemandXGBoostModel with 300 estimators", "timestamp": "2026-01-18T07:01:18.263970", "service": "solar-ml-service", "version": "1.0.0", "environment": "development", "level": "INFO", "logger": "src.models.demand_forecast"}
{"message": "Initializing Solar Forecasting Ensemble: LSTM=0.6, XGBoost=0.4", "timestamp": "2026-01-18T07:01:18.264068", "service": "solar-ml-service", "version": "1.0.0", "environment": "development", "level": "INFO", "logger": "src.models.solar_forecast"}
{"message": "Initializing Demand Forecasting Ensemble: XGBoost=0.6, LSTM=0.4", "timestamp": "2026-01-18T07:01:18.264086", "service": "solar-ml-service", "version": "1.0.0", "environment": "development", "level": "INFO", "logger": "src.models.demand_forecast"}
{"message": "Initializing DemandLSTMModel: input_size=12", "timestamp": "2026-01-18T07:01:18.264186", "service": "solar-ml-service", "version": "1.0.0", "environment": "development", "level": "INFO", "logger": "src.models.demand_forecast"}
{"message": "Initializing DynamicPricingModel", "timestamp": "2026-01-18T07:01:18.264209", "service": "solar-ml-service", "version": "1.0.0", "environment": "development", "level": "INFO", "logger": "src.models.advanced_models"}
{"message": "Initializing DemandXGBoostModel with 300 estimators", "timestamp": "2026-01-18T07:01:18.264292", "service": "solar-ml-service", "version": "1.0.0", "environment": "development", "level": "INFO", "logger": "src.models.demand_forecast"}
{"message": "Initializing InvestorRiskScoringModel", "timestamp": "2026-01-18T07:01:18.264323", "service": "solar-ml-service", "version": "1.0.0", "environment": "development", "level": "INFO", "logger": "src.models.advanced_models"}
{"message": "Initializing Demand Forecasting Ensemble: XGBoost=0.6, LSTM=0.4", "timestamp": "2026-01-18T07:01:18.264394", "service": "solar-ml-service", "version": "1.0.0", "environment": "development", "level": "INFO", "logger": "src.models.demand_forecast"}
{"message": "Initializing AnomalyDetectionModel", "timestamp": "2026-01-18T07:01:18.264444", "service": "solar-ml-service", "version": "1.0.0", "environment": "development", "level": "INFO", "logger": "src.models.advanced_models"}
{"message": "Initializing DynamicPricingModel", "timestamp": "2026-01-18T07:01:18.264525", "service": "solar-ml-service", "version": "1.0.0", "environment": "development", "level": "INFO", "logger": "src.models.advanced_models"}
{"message": "Initializing EquipmentFailurePredictorModel", "timestamp": "2026-01-18T07:01:18.264582", "service": "solar-ml-service", "version": "1.0.0", "environment": "development", "level": "INFO", "logger": "src.models.advanced_models"}
{"message": "Initializing InvestorRiskScoringModel", "timestamp": "2026-01-18T07:01:18.264697", "service": "solar-ml-service", "version": "1.0.0", "environment": "development", "level": "INFO", "logger": "src.models.advanced_models"}
{"message": "MarketplaceMatchingService initialized", "timestamp": "2026-01-18T07:01:18.264726", "service": "solar-ml-service", "version": "1.0.0", "environment": "development", "level": "INFO", "logger": "src.services.matching_service"}
{"message": "Initializing AnomalyDetectionModel", "timestamp": "2026-01-18T07:01:18.264847", "service": "solar-ml-service", "version": "1.0.0", "environment": "development", "level": "INFO", "logger": "src.models.advanced_models"}
{"message": "Training pipeline initialized. Models dir: ./models", "timestamp": "2026-01-18T07:01:18.264948", "service": "solar-ml-service", "version": "1.0.0", "environment": "development", "level": "INFO", "logger": "src.services.training_pipeline"}
{"message": "Initializing EquipmentFailurePredictorModel", "timestamp": "2026-01-18T07:01:18.265022", "service": "solar-ml-service", "version": "1.0.0", "environment": "development", "level": "INFO", "logger": "src.models.advanced_models"}
{"message": "ModelManager initialized successfully", "timestamp": "2026-01-18T07:01:18.265125", "service": "solar-ml-service", "version": "1.0.0", "environment": "development", "level": "INFO", "logger": "src.api.main"}
{"message": "MarketplaceMatchingService initialized", "timestamp": "2026-01-18T07:01:18.265154", "service": "solar-ml-service", "version": "1.0.0", "environment": "development", "level": "INFO", "logger": "src.services.matching_service"}
{"message": "Loading pretrained models from disk...", "timestamp": "2026-01-18T07:01:18.265268", "service": "solar-ml-service", "version": "1.0.0", "environment": "development", "level": "INFO", "logger": "src.api.main"}
{"message": "Training pipeline initialized. Models dir: ./models", "timestamp": "2026-01-18T07:01:18.265321", "service": "solar-ml-service", "version": "1.0.0", "environment": "development", "level": "INFO", "logger": "src.services.training_pipeline"}
{"message": "ModelManager initialized successfully", "timestamp": "2026-01-18T07:01:18.265423", "service": "solar-ml-service", "version": "1.0.0", "environment": "development", "level": "INFO", "logger": "src.api.main"}
{"message": "\u2139\ufe0f  solar_xgboost model not found at models/solar_xgboost_model.pkl", "timestamp": "2026-01-18T07:01:18.265469", "service": "solar-ml-service", "version": "1.0.0", "environment": "development", "level": "INFO", "logger": "src.api.main"}
{"message": "Loading pretrained models from disk...", "timestamp": "2026-01-18T07:01:18.265533", "service": "solar-ml-service", "version": "1.0.0", "environment": "development", "level": "INFO", "logger": "src.api.main"}
{"message": "\u2139\ufe0f  demand_xgboost model not found at models/demand_xgboost_model.pkl", "timestamp": "2026-01-18T07:01:18.265602", "service": "solar-ml-service", "version": "1.0.0", "environment": "development", "level": "INFO", "logger": "src.api.main"}
{"message": "\u2139\ufe0f  solar_xgboost model not found at models/solar_xgboost_model.pkl", "timestamp": "2026-01-18T07:01:18.265712", "service": "solar-ml-service", "version": "1.0.0", "environment": "development", "level": "INFO", "logger": "src.api.main"}
{"message": "\u2139\ufe0f  solar_lstm model not found at models/solar_lstm_model.h5", "timestamp": "2026-01-18T07:01:18.265742", "service": "solar-ml-service", "version": "1.0.0", "environment": "development", "level": "INFO", "logger": "src.api.main"}
{"message": "\u2139\ufe0f  demand_xgboost model not found at models/demand_xgboost_model.pkl", "timestamp": "2026-01-18T07:01:18.265845", "service": "solar-ml-service", "version": "1.0.0", "environment": "development", "level": "INFO", "logger": "src.api.main"}
{"message": "\u2139\ufe0f  demand_lstm model not found at models/demand_lstm_model.h5", "timestamp": "2026-01-18T07:01:18.265871", "service": "solar-ml-service", "version": "1.0.0", "environment": "development", "level": "INFO", "logger": "src.api.main"}
{"message": "\u2139\ufe0f  solar_lstm model not found at models/solar_lstm_model.h5", "timestamp": "2026-01-18T07:01:18.265985", "service": "solar-ml-service", "version": "1.0.0", "environment": "development", "level": "INFO", "logger": "src.api.main"}
{"message": "Model loading complete: 0 models loaded", "timestamp": "2026-01-18T07:01:18.266001", "service": "solar-ml-service", "version": "1.0.0", "environment": "development", "level": "INFO", "logger": "src.api.main"}
{"message": "Models status: {'solar_lstm': False, 'solar_xgboost': False, 'demand_lstm': False, 'demand_xgboost': False, 'pricing': False, 'risk_scoring': False, 'anomaly_detection': False, 'failure_prediction': False}", "timestamp": "2026-01-18T07:01:18.266108", "service": "solar-ml-service", "version": "1.0.0", "environment": "development", "level": "INFO", "logger": "src.api.main"}
{"message": "\u2139\ufe0f  demand_lstm model not found at models/demand_lstm_model.h5", "timestamp": "2026-01-18T07:01:18.266141", "service": "solar-ml-service", "version": "1.0.0", "environment": "development", "level": "INFO", "logger": "src.api.main"}
{"message": "Ready for inference: 0/8 models available", "timestamp": "2026-01-18T07:01:18.266233", "service": "solar-ml-service", "version": "1.0.0", "environment": "development", "level": "INFO", "logger": "src.api.main"}
{"message": "Model loading complete: 0 models loaded", "timestamp": "2026-01-18T07:01:18.266252", "service": "solar-ml-service", "version": "1.0.0", "environment": "development", "level": "INFO", "logger": "src.api.main"}
{"message": "Models status: {'solar_lstm': False, 'solar_xgboost': False, 'demand_lstm': False, 'demand_xgboost': False, 'pricing': False, 'risk_scoring': False, 'anomaly_detection': False, 'failure_prediction': False}", "timestamp": "2026-01-18T07:01:18.266369", "service": "solar-ml-service", "version": "1.0.0", "environment": "development", "level": "INFO", "logger": "src.api.main"}
{"message": "Ready for inference: 0/8 models available", "timestamp": "2026-01-18T07:01:18.266561", "service": "solar-ml-service", "version": "1.0.0", "environment": "development", "level": "INFO", "logger": "src.api.main"}
{"message": "Initializing SolarXGBoostModel with 500 estimators", "timestamp": "2026-01-18T07:01:18.274970", "service": "solar-ml-service", "version": "1.0.0", "environment": "development", "level": "INFO", "logger": "src.models.solar_forecast"}
{"message": "Initializing Solar Forecasting Ensemble: LSTM=0.6, XGBoost=0.4", "timestamp": "2026-01-18T07:01:18.275153", "service": "solar-ml-service", "version": "1.0.0", "environment": "development", "level": "INFO", "logger": "src.models.solar_forecast"}
{"message": "Initializing DemandLSTMModel: input_size=12", "timestamp": "2026-01-18T07:01:18.275293", "service": "solar-ml-service", "version": "1.0.0", "environment": "development", "level": "INFO", "logger": "src.models.demand_forecast"}
{"message": "Initializing DemandXGBoostModel with 300 estimators", "timestamp": "2026-01-18T07:01:18.275403", "service": "solar-ml-service", "version": "1.0.0", "environment": "development", "level": "INFO", "logger": "src.models.demand_forecast"}
{"message": "Initializing Demand Forecasting Ensemble: XGBoost=0.6, LSTM=0.4", "timestamp": "2026-01-18T07:01:18.275533", "service": "solar-ml-service", "version": "1.0.0", "environment": "development", "level": "INFO", "logger": "src.models.demand_forecast"}
{"message": "Initializing DynamicPricingModel", "timestamp": "2026-01-18T07:01:18.275649", "service": "solar-ml-service", "version": "1.0.0", "environment": "development", "level": "INFO", "logger": "src.models.advanced_models"}
{"message": "Initializing InvestorRiskScoringModel", "timestamp": "2026-01-18T07:01:18.275764", "service": "solar-ml-service", "version": "1.0.0", "environment": "development", "level": "INFO", "logger": "src.models.advanced_models"}
{"message": "Initializing AnomalyDetectionModel", "timestamp": "2026-01-18T07:01:18.275865", "service": "solar-ml-service", "version": "1.0.0", "environment": "development", "level": "INFO", "logger": "src.models.advanced_models"}
{"message": "Initializing EquipmentFailurePredictorModel", "timestamp": "2026-01-18T07:01:18.276014", "service": "solar-ml-service", "version": "1.0.0", "environment": "development", "level": "INFO", "logger": "src.models.advanced_models"}
{"message": "MarketplaceMatchingService initialized", "timestamp": "2026-01-18T07:01:18.276133", "service": "solar-ml-service", "version": "1.0.0", "environment": "development", "level": "INFO", "logger": "src.services.matching_service"}
{"message": "Training pipeline initialized. Models dir: ./models", "timestamp": "2026-01-18T07:01:18.276314", "service": "solar-ml-service", "version": "1.0.0", "environment": "development", "level": "INFO", "logger": "src.services.training_pipeline"}
{"message": "ModelManager initialized successfully", "timestamp": "2026-01-18T07:01:18.276434", "service": "solar-ml-service", "version": "1.0.0", "environment": "development", "level": "INFO", "logger": "src.api.main"}
{"message": "Loading pretrained models from disk...", "timestamp": "2026-01-18T07:01:18.276543", "service": "solar-ml-service", "version": "1.0.0", "environment": "development", "level": "INFO", "logger": "src.api.main"}
{"message": "\u2139\ufe0f  solar_xgboost model not found at models/solar_xgboost_model.pkl", "timestamp": "2026-01-18T07:01:18.276709", "service": "solar-ml-service", "version": "1.0.0", "environment": "development", "level": "INFO", "logger": "src.api.main"}
{"message": "\u2139\ufe0f  demand_xgboost model not found at models/demand_xgboost_model.pkl", "timestamp": "2026-01-18T07:01:18.276828", "service": "solar-ml-service", "version": "1.0.0", "environment": "development", "level": "INFO", "logger": "src.api.main"}
{"message": "\u2139\ufe0f  solar_lstm model not found at models/solar_lstm_model.h5", "timestamp": "2026-01-18T07:01:18.276981", "service": "solar-ml-service", "version": "1.0.0", "environment": "development", "level": "INFO", "logger": "src.api.main"}
{"message": "\u2139\ufe0f  demand_lstm model not found at models/demand_lstm_model.h5", "timestamp": "2026-01-18T07:01:18.277103", "service": "solar-ml-service", "version": "1.0.0", "environment": "development", "level": "INFO", "logger": "src.api.main"}
{"message": "Model loading complete: 0 models loaded", "timestamp": "2026-01-18T07:01:18.277241", "service": "solar-ml-service", "version": "1.0.0", "environment": "development", "level": "INFO", "logger": "src.api.main"}
{"message": "Models status: {'solar_lstm': False, 'solar_xgboost': False, 'demand_lstm': False, 'demand_xgboost': False, 'pricing': False, 'risk_scoring': False, 'anomaly_detection': False, 'failure_prediction': False}", "timestamp": "2026-01-18T07:01:18.277351", "service": "solar-ml-service", "version": "1.0.0", "environment": "development", "level": "INFO", "logger": "src.api.main"}
{"message": "Ready for inference: 0/8 models available", "timestamp": "2026-01-18T07:01:18.277472", "service": "solar-ml-service", "version": "1.0.0", "environment": "development", "level": "INFO", "logger": "src.api.main"}
{"message": "Shutting down solar-ml-service", "timestamp": "2026-01-18T08:42:23.152551", "service": "solar-ml-service", "version": "1.0.0", "environment": "development", "level": "INFO", "logger": "src.api.main"}
{"message": "Shutting down solar-ml-service", "timestamp": "2026-01-18T08:42:23.152552", "service": "solar-ml-service", "version": "1.0.0", "environment": "development", "level": "INFO", "logger": "src.api.main"}
{"message": "Shutting down solar-ml-service", "timestamp": "2026-01-18T08:42:23.152551", "service": "solar-ml-service", "version": "1.0.0", "environment": "development", "level": "INFO", "logger": "src.api.main"}
{"message": "Shutting down solar-ml-service", "timestamp": "2026-01-18T08:42:23.152589", "service": "solar-ml-service", "version": "1.0.0", "environment": "development", "level": "INFO", "logger": "src.api.main"}
